c:\Users\yasmi_000\documents\visual studio 2010\Projects\hapticVF\hapticVF\x64\Debug\cl.command.1.tlog
c:\Users\yasmi_000\documents\visual studio 2010\Projects\hapticVF\hapticVF\x64\Debug\CL.read.1.tlog
c:\Users\yasmi_000\documents\visual studio 2010\Projects\hapticVF\hapticVF\x64\Debug\CL.write.1.tlog
C:\USERS\YASMI_000\DOCUMENTS\VISUAL STUDIO 2010\PROJECTS\HAPTICVF\HAPTICVF\X64\DEBUG\HAPTICVF.EXE.EMBED.MANIFEST
C:\USERS\YASMI_000\DOCUMENTS\VISUAL STUDIO 2010\PROJECTS\HAPTICVF\HAPTICVF\X64\DEBUG\HAPTICVF.EXE.EMBED.MANIFEST.RES
C:\USERS\YASMI_000\DOCUMENTS\VISUAL STUDIO 2010\PROJECTS\HAPTICVF\HAPTICVF\X64\DEBUG\HAPTICVF.EXE.INTERMEDIATE.MANIFEST
C:\USERS\YASMI_000\DOCUMENTS\VISUAL STUDIO 2010\PROJECTS\HAPTICVF\HAPTICVF\X64\DEBUG\HAPTICVF.OBJ
c:\Users\yasmi_000\documents\visual studio 2010\Projects\hapticVF\hapticVF\x64\Debug\hapticVF.write.1.tlog
c:\Users\yasmi_000\documents\visual studio 2010\Projects\hapticVF\hapticVF\x64\Debug\hapticVF_manifest.rc
c:\Users\yasmi_000\documents\visual studio 2010\Projects\hapticVF\hapticVF\x64\Debug\link.8240.read.1.tlog
c:\Users\yasmi_000\documents\visual studio 2010\Projects\hapticVF\hapticVF\x64\Debug\link.8240.read.3.tlog
c:\Users\yasmi_000\documents\visual studio 2010\Projects\hapticVF\hapticVF\x64\Debug\link.8240.write.1.tlog
c:\Users\yasmi_000\documents\visual studio 2010\Projects\hapticVF\hapticVF\x64\Debug\link.8240-cvtres.read.1.tlog
c:\Users\yasmi_000\documents\visual studio 2010\Projects\hapticVF\hapticVF\x64\Debug\link.8240-cvtres.write.1.tlog
c:\Users\yasmi_000\documents\visual studio 2010\Projects\hapticVF\hapticVF\x64\Debug\link.8812.read.1.tlog
c:\Users\yasmi_000\documents\visual studio 2010\Projects\hapticVF\hapticVF\x64\Debug\link.8812.read.3.tlog
c:\Users\yasmi_000\documents\visual studio 2010\Projects\hapticVF\hapticVF\x64\Debug\link.8812.write.1.tlog
c:\Users\yasmi_000\documents\visual studio 2010\Projects\hapticVF\hapticVF\x64\Debug\link.8812-cvtres.read.1.tlog
c:\Users\yasmi_000\documents\visual studio 2010\Projects\hapticVF\hapticVF\x64\Debug\link.8812-cvtres.write.1.tlog
c:\Users\yasmi_000\documents\visual studio 2010\Projects\hapticVF\hapticVF\x64\Debug\link.command.1.tlog
c:\Users\yasmi_000\documents\visual studio 2010\Projects\hapticVF\hapticVF\x64\Debug\link.read.1.tlog
c:\Users\yasmi_000\documents\visual studio 2010\Projects\hapticVF\hapticVF\x64\Debug\link.read.3.tlog
c:\Users\yasmi_000\documents\visual studio 2010\Projects\hapticVF\hapticVF\x64\Debug\link.write.1.tlog
c:\Users\yasmi_000\documents\visual studio 2010\Projects\hapticVF\hapticVF\x64\Debug\link-cvtres.read.1.tlog
c:\Users\yasmi_000\documents\visual studio 2010\Projects\hapticVF\hapticVF\x64\Debug\link-cvtres.write.1.tlog
c:\Users\yasmi_000\documents\visual studio 2010\Projects\hapticVF\hapticVF\x64\Debug\mt.command.1.tlog
c:\Users\yasmi_000\documents\visual studio 2010\Projects\hapticVF\hapticVF\x64\Debug\mt.read.1.tlog
c:\Users\yasmi_000\documents\visual studio 2010\Projects\hapticVF\hapticVF\x64\Debug\mt.write.1.tlog
c:\Users\yasmi_000\documents\visual studio 2010\Projects\hapticVF\hapticVF\x64\Debug\rc.command.1.tlog
c:\Users\yasmi_000\documents\visual studio 2010\Projects\hapticVF\hapticVF\x64\Debug\rc.read.1.tlog
c:\Users\yasmi_000\documents\visual studio 2010\Projects\hapticVF\hapticVF\x64\Debug\rc.write.1.tlog
C:\USERS\YASMI_000\DOCUMENTS\VISUAL STUDIO 2010\PROJECTS\HAPTICVF\HAPTICVF\X64\DEBUG\STDAFX.OBJ
c:\Users\yasmi_000\documents\visual studio 2010\Projects\hapticVF\hapticVF\x64\Debug\vc100.idb
C:\USERS\YASMI_000\DOCUMENTS\VISUAL STUDIO 2010\PROJECTS\HAPTICVF\HAPTICVF\X64\DEBUG\VC100.PDB
C:\USERS\YASMI_000\DOCUMENTS\VISUAL STUDIO 2010\PROJECTS\HAPTICVF\X64\DEBUG\HAPTICVF.EXE
C:\USERS\YASMI_000\DOCUMENTS\VISUAL STUDIO 2010\PROJECTS\HAPTICVF\X64\DEBUG\HAPTICVF.ILK
C:\USERS\YASMI_000\DOCUMENTS\VISUAL STUDIO 2010\PROJECTS\HAPTICVF\X64\DEBUG\HAPTICVF.PDB
