C:\USERS\YASMI_000\DOCUMENTS\VISUAL STUDIO 2010\PROJECTS\20140518 - HAPTICVF [EXPERIMENT APPLICATION - FIXED AND UPDATED]\DEBUG\HAPTICVF.EXE
C:\USERS\YASMI_000\DOCUMENTS\VISUAL STUDIO 2010\PROJECTS\20140518 - HAPTICVF [EXPERIMENT APPLICATION - FIXED AND UPDATED]\DEBUG\HAPTICVF.ILK
C:\USERS\YASMI_000\DOCUMENTS\VISUAL STUDIO 2010\PROJECTS\20140518 - HAPTICVF [EXPERIMENT APPLICATION - FIXED AND UPDATED]\DEBUG\HAPTICVF.PDB
C:\Users\yasmi_000\Documents\Visual Studio 2010\Projects\20140518 - hapticVF [experiment application - fixed and updated]\hapticVF\Debug\cl.command.1.tlog
C:\Users\yasmi_000\Documents\Visual Studio 2010\Projects\20140518 - hapticVF [experiment application - fixed and updated]\hapticVF\Debug\CL.read.1.tlog
C:\Users\yasmi_000\Documents\Visual Studio 2010\Projects\20140518 - hapticVF [experiment application - fixed and updated]\hapticVF\Debug\CL.write.1.tlog
C:\USERS\YASMI_000\DOCUMENTS\VISUAL STUDIO 2010\PROJECTS\20140518 - HAPTICVF [EXPERIMENT APPLICATION - FIXED AND UPDATED]\HAPTICVF\DEBUG\COMMONVALUES.OBJ
C:\USERS\YASMI_000\DOCUMENTS\VISUAL STUDIO 2010\PROJECTS\20140518 - HAPTICVF [EXPERIMENT APPLICATION - FIXED AND UPDATED]\HAPTICVF\DEBUG\CORNER.OBJ
C:\USERS\YASMI_000\DOCUMENTS\VISUAL STUDIO 2010\PROJECTS\20140518 - HAPTICVF [EXPERIMENT APPLICATION - FIXED AND UPDATED]\HAPTICVF\DEBUG\HAPTICVF.EXE.EMBED.MANIFEST
C:\USERS\YASMI_000\DOCUMENTS\VISUAL STUDIO 2010\PROJECTS\20140518 - HAPTICVF [EXPERIMENT APPLICATION - FIXED AND UPDATED]\HAPTICVF\DEBUG\HAPTICVF.EXE.EMBED.MANIFEST.RES
C:\USERS\YASMI_000\DOCUMENTS\VISUAL STUDIO 2010\PROJECTS\20140518 - HAPTICVF [EXPERIMENT APPLICATION - FIXED AND UPDATED]\HAPTICVF\DEBUG\HAPTICVF.EXE.INTERMEDIATE.MANIFEST
C:\Users\yasmi_000\Documents\Visual Studio 2010\Projects\20140518 - hapticVF [experiment application - fixed and updated]\hapticVF\Debug\hapticVF.vcxprojResolveAssemblyReference.cache
C:\Users\yasmi_000\Documents\Visual Studio 2010\Projects\20140518 - hapticVF [experiment application - fixed and updated]\hapticVF\Debug\hapticVF.write.1.tlog
C:\Users\yasmi_000\Documents\Visual Studio 2010\Projects\20140518 - hapticVF [experiment application - fixed and updated]\hapticVF\Debug\hapticVF_manifest.rc
C:\Users\yasmi_000\Documents\Visual Studio 2010\Projects\20140518 - hapticVF [experiment application - fixed and updated]\hapticVF\Debug\link.2016.read.1.tlog
C:\Users\yasmi_000\Documents\Visual Studio 2010\Projects\20140518 - hapticVF [experiment application - fixed and updated]\hapticVF\Debug\link.2016.read.3.tlog
C:\Users\yasmi_000\Documents\Visual Studio 2010\Projects\20140518 - hapticVF [experiment application - fixed and updated]\hapticVF\Debug\link.2016.write.1.tlog
C:\Users\yasmi_000\Documents\Visual Studio 2010\Projects\20140518 - hapticVF [experiment application - fixed and updated]\hapticVF\Debug\link.2016-cvtres.read.1.tlog
C:\Users\yasmi_000\Documents\Visual Studio 2010\Projects\20140518 - hapticVF [experiment application - fixed and updated]\hapticVF\Debug\link.2016-cvtres.write.1.tlog
C:\Users\yasmi_000\Documents\Visual Studio 2010\Projects\20140518 - hapticVF [experiment application - fixed and updated]\hapticVF\Debug\link.command.1.tlog
C:\Users\yasmi_000\Documents\Visual Studio 2010\Projects\20140518 - hapticVF [experiment application - fixed and updated]\hapticVF\Debug\link.read.1.tlog
C:\Users\yasmi_000\Documents\Visual Studio 2010\Projects\20140518 - hapticVF [experiment application - fixed and updated]\hapticVF\Debug\link.read.3.tlog
C:\Users\yasmi_000\Documents\Visual Studio 2010\Projects\20140518 - hapticVF [experiment application - fixed and updated]\hapticVF\Debug\link.write.1.tlog
C:\Users\yasmi_000\Documents\Visual Studio 2010\Projects\20140518 - hapticVF [experiment application - fixed and updated]\hapticVF\Debug\link-cvtres.read.1.tlog
C:\Users\yasmi_000\Documents\Visual Studio 2010\Projects\20140518 - hapticVF [experiment application - fixed and updated]\hapticVF\Debug\link-cvtres.write.1.tlog
C:\USERS\YASMI_000\DOCUMENTS\VISUAL STUDIO 2010\PROJECTS\20140518 - HAPTICVF [EXPERIMENT APPLICATION - FIXED AND UPDATED]\HAPTICVF\DEBUG\MAGNETICLINE.OBJ
C:\USERS\YASMI_000\DOCUMENTS\VISUAL STUDIO 2010\PROJECTS\20140518 - HAPTICVF [EXPERIMENT APPLICATION - FIXED AND UPDATED]\HAPTICVF\DEBUG\MAIN.OBJ
C:\Users\yasmi_000\Documents\Visual Studio 2010\Projects\20140518 - hapticVF [experiment application - fixed and updated]\hapticVF\Debug\mt.command.1.tlog
C:\Users\yasmi_000\Documents\Visual Studio 2010\Projects\20140518 - hapticVF [experiment application - fixed and updated]\hapticVF\Debug\mt.read.1.tlog
C:\Users\yasmi_000\Documents\Visual Studio 2010\Projects\20140518 - hapticVF [experiment application - fixed and updated]\hapticVF\Debug\mt.write.1.tlog
C:\USERS\YASMI_000\DOCUMENTS\VISUAL STUDIO 2010\PROJECTS\20140518 - HAPTICVF [EXPERIMENT APPLICATION - FIXED AND UPDATED]\HAPTICVF\DEBUG\POINT.OBJ
C:\Users\yasmi_000\Documents\Visual Studio 2010\Projects\20140518 - hapticVF [experiment application - fixed and updated]\hapticVF\Debug\rc.command.1.tlog
C:\Users\yasmi_000\Documents\Visual Studio 2010\Projects\20140518 - hapticVF [experiment application - fixed and updated]\hapticVF\Debug\rc.read.1.tlog
C:\Users\yasmi_000\Documents\Visual Studio 2010\Projects\20140518 - hapticVF [experiment application - fixed and updated]\hapticVF\Debug\rc.write.1.tlog
C:\USERS\YASMI_000\DOCUMENTS\VISUAL STUDIO 2010\PROJECTS\20140518 - HAPTICVF [EXPERIMENT APPLICATION - FIXED AND UPDATED]\HAPTICVF\DEBUG\STDAFX.OBJ
C:\Users\yasmi_000\Documents\Visual Studio 2010\Projects\20140518 - hapticVF [experiment application - fixed and updated]\hapticVF\Debug\vc100.idb
C:\USERS\YASMI_000\DOCUMENTS\VISUAL STUDIO 2010\PROJECTS\20140518 - HAPTICVF [EXPERIMENT APPLICATION - FIXED AND UPDATED]\HAPTICVF\DEBUG\VC100.PDB
