Build started 6/27/2014 7:06:32 PM.
     1>Project "C:\Users\yasmi_000\Documents\Visual Studio 2010\Projects\Final Projects\Forces and Radii Experiment (initial experiment)\hapticVF\hapticVF.vcxproj" on node 2 (build target(s)).
     1>InitializeBuildStatus:
         Creating "Debug\hapticVF.unsuccessfulbuild" because "AlwaysCreate" was specified.
       ClCompile:
         C:\Program Files (x86)\Microsoft Visual Studio 10.0\VC\bin\CL.exe /c /I"C:\chai3d-2.0.0\external\OpenGL\msvc" /I"C:\chai3d-2.0.0\src" /Zi /nologo /W3 /WX- /Od /Oy- /D _WIN32 /D _MSVC /D _UNICODE /D UNICODE /Gm /EHsc /RTC1 /MDd /GS /fp:precise /Zc:wchar_t /Zc:forScope /Fo"Debug\\" /Fd"Debug\vc100.pdb" /Gd /TP /analyze- /errorReport:prompt Main.cpp
         Main.cpp
     1>c:\users\yasmi_000\documents\visual studio 2010\projects\final projects\forces and radii experiment (initial experiment)\hapticvf\Point.h(12): warning C4091: 'typedef ' : ignored on left of 'Point' when no variable is declared
     1>c:\users\yasmi_000\documents\visual studio 2010\projects\final projects\forces and radii experiment (initial experiment)\hapticvf\VFBlock.h(125): warning C4091: 'typedef ' : ignored on left of 'VFBlock' when no variable is declared
     1>c:\users\yasmi_000\documents\visual studio 2010\projects\final projects\forces and radii experiment (initial experiment)\hapticvf\Corner.h(38): warning C4091: 'typedef ' : ignored on left of 'Corner' when no variable is declared
     1>c:\users\yasmi_000\documents\visual studio 2010\projects\final projects\forces and radii experiment (initial experiment)\hapticvf\MagneticLine.h(67): warning C4091: 'typedef ' : ignored on left of 'MagneticLine' when no variable is declared
       ManifestResourceCompile:
         All outputs are up-to-date.
       Link:
         C:\Program Files (x86)\Microsoft Visual Studio 10.0\VC\bin\link.exe /ERRORREPORT:PROMPT /OUT:"C:\Users\yasmi_000\Documents\Visual Studio 2010\Projects\Final Projects\Forces and Radii Experiment (initial experiment)\Debug\hapticVF.exe" /INCREMENTAL /NOLOGO /LIBPATH:"C:\chai3d-2.0.0\external\OpenGL\msvc" /LIBPATH:"C:\chai3d-2.0.0\lib\msvc10" winmm.lib opengl32.lib glut32.lib "chai3d-debug.lib" glu32.lib odbc32.lib odbccp32.lib kernel32.lib user32.lib gdi32.lib winspool.lib comdlg32.lib advapi32.lib shell32.lib ole32.lib oleaut32.lib uuid.lib odbc32.lib odbccp32.lib /MANIFEST /ManifestFile:"Debug\hapticVF.exe.intermediate.manifest" /MANIFESTUAC:"level='asInvoker' uiAccess='false'" /DEBUG /PDB:"C:\Users\yasmi_000\Documents\Visual Studio 2010\Projects\Final Projects\Forces and Radii Experiment (initial experiment)\Debug\hapticVF.pdb" /SUBSYSTEM:CONSOLE /TLBID:1 /DYNAMICBASE /NXCOMPAT /IMPLIB:"C:\Users\yasmi_000\Documents\Visual Studio 2010\Projects\Final Projects\Forces and Radii Experiment (initial experiment)\Debug\hapticVF.lib" /MACHINE:X86 Debug\hapticVF.exe.embed.manifest.res
         Debug\CommonValues.obj
         Debug\Corner.obj
         Debug\MagneticLine.obj
         Debug\Main.obj
         Debug\Point.obj
         Debug\stdafx.obj
         Debug\VFBlock.obj
       Manifest:
         C:\Program Files (x86)\Microsoft SDKs\Windows\v7.0A\bin\mt.exe /nologo /verbose /out:"Debug\hapticVF.exe.embed.manifest" /manifest Debug\hapticVF.exe.intermediate.manifest
         All outputs are up-to-date.
       LinkEmbedManifest:
         All outputs are up-to-date.
         hapticVF.vcxproj -> C:\Users\yasmi_000\Documents\Visual Studio 2010\Projects\Final Projects\Forces and Radii Experiment (initial experiment)\Debug\hapticVF.exe
       FinalizeBuildStatus:
         Deleting file "Debug\hapticVF.unsuccessfulbuild".
         Touching "Debug\hapticVF.lastbuildstate".
     1>Done Building Project "C:\Users\yasmi_000\Documents\Visual Studio 2010\Projects\Final Projects\Forces and Radii Experiment (initial experiment)\hapticVF\hapticVF.vcxproj" (build target(s)).

Build succeeded.

Time Elapsed 00:00:06.22
