C:\Users\yasmi_000\Documents\Visual Studio 2010\Projects\20140612 - Experiment 2 whole app\Debug\ParentApp.exe
C:\Users\yasmi_000\Documents\Visual Studio 2010\Projects\20140612 - Experiment 2 whole app\Debug\ParentApp.ilk
C:\Users\yasmi_000\Documents\Visual Studio 2010\Projects\20140612 - Experiment 2 whole app\Debug\ParentApp.pdb
C:\Users\yasmi_000\Documents\Visual Studio 2010\Projects\20140612 - Experiment 2 whole app\ParentApp\Debug\cl.command.1.tlog
C:\Users\yasmi_000\Documents\Visual Studio 2010\Projects\20140612 - Experiment 2 whole app\ParentApp\Debug\CL.read.1.tlog
C:\Users\yasmi_000\Documents\Visual Studio 2010\Projects\20140612 - Experiment 2 whole app\ParentApp\Debug\CL.write.1.tlog
C:\Users\yasmi_000\Documents\Visual Studio 2010\Projects\20140612 - Experiment 2 whole app\ParentApp\Debug\link.4160.read.1.tlog
C:\Users\yasmi_000\Documents\Visual Studio 2010\Projects\20140612 - Experiment 2 whole app\ParentApp\Debug\link.4160.write.1.tlog
C:\Users\yasmi_000\Documents\Visual Studio 2010\Projects\20140612 - Experiment 2 whole app\ParentApp\Debug\link.4160-cvtres.read.1.tlog
C:\Users\yasmi_000\Documents\Visual Studio 2010\Projects\20140612 - Experiment 2 whole app\ParentApp\Debug\link.4160-cvtres.write.1.tlog
C:\Users\yasmi_000\Documents\Visual Studio 2010\Projects\20140612 - Experiment 2 whole app\ParentApp\Debug\link.command.1.tlog
C:\Users\yasmi_000\Documents\Visual Studio 2010\Projects\20140612 - Experiment 2 whole app\ParentApp\Debug\link.read.1.tlog
C:\Users\yasmi_000\Documents\Visual Studio 2010\Projects\20140612 - Experiment 2 whole app\ParentApp\Debug\link.write.1.tlog
C:\Users\yasmi_000\Documents\Visual Studio 2010\Projects\20140612 - Experiment 2 whole app\ParentApp\Debug\link-cvtres.read.1.tlog
C:\Users\yasmi_000\Documents\Visual Studio 2010\Projects\20140612 - Experiment 2 whole app\ParentApp\Debug\link-cvtres.write.1.tlog
C:\Users\yasmi_000\Documents\Visual Studio 2010\Projects\20140612 - Experiment 2 whole app\ParentApp\Debug\mt.command.1.tlog
C:\Users\yasmi_000\Documents\Visual Studio 2010\Projects\20140612 - Experiment 2 whole app\ParentApp\Debug\mt.read.1.tlog
C:\Users\yasmi_000\Documents\Visual Studio 2010\Projects\20140612 - Experiment 2 whole app\ParentApp\Debug\mt.write.1.tlog
C:\Users\yasmi_000\Documents\Visual Studio 2010\Projects\20140612 - Experiment 2 whole app\ParentApp\Debug\ParentApp.exe.embed.manifest
C:\Users\yasmi_000\Documents\Visual Studio 2010\Projects\20140612 - Experiment 2 whole app\ParentApp\Debug\ParentApp.exe.embed.manifest.res
C:\Users\yasmi_000\Documents\Visual Studio 2010\Projects\20140612 - Experiment 2 whole app\ParentApp\Debug\ParentApp.exe.intermediate.manifest
C:\Users\yasmi_000\Documents\Visual Studio 2010\Projects\20140612 - Experiment 2 whole app\ParentApp\Debug\ParentApp.obj
C:\Users\yasmi_000\Documents\Visual Studio 2010\Projects\20140612 - Experiment 2 whole app\ParentApp\Debug\ParentApp.pch
C:\Users\yasmi_000\Documents\Visual Studio 2010\Projects\20140612 - Experiment 2 whole app\ParentApp\Debug\ParentApp.vcxprojResolveAssemblyReference.cache
C:\Users\yasmi_000\Documents\Visual Studio 2010\Projects\20140612 - Experiment 2 whole app\ParentApp\Debug\ParentApp.write.1.tlog
C:\Users\yasmi_000\Documents\Visual Studio 2010\Projects\20140612 - Experiment 2 whole app\ParentApp\Debug\ParentApp_manifest.rc
C:\Users\yasmi_000\Documents\Visual Studio 2010\Projects\20140612 - Experiment 2 whole app\ParentApp\Debug\rc.command.1.tlog
C:\Users\yasmi_000\Documents\Visual Studio 2010\Projects\20140612 - Experiment 2 whole app\ParentApp\Debug\rc.read.1.tlog
C:\Users\yasmi_000\Documents\Visual Studio 2010\Projects\20140612 - Experiment 2 whole app\ParentApp\Debug\rc.write.1.tlog
C:\Users\yasmi_000\Documents\Visual Studio 2010\Projects\20140612 - Experiment 2 whole app\ParentApp\Debug\stdafx.obj
C:\Users\yasmi_000\Documents\Visual Studio 2010\Projects\20140612 - Experiment 2 whole app\ParentApp\Debug\vc100.idb
C:\Users\yasmi_000\Documents\Visual Studio 2010\Projects\20140612 - Experiment 2 whole app\ParentApp\Debug\vc100.pdb
C:\USERS\YASMI_000\DOCUMENTS\VISUAL STUDIO 2010\PROJECTS\PARENTAPP\DEBUG\PARENTAPP.EXE
C:\USERS\YASMI_000\DOCUMENTS\VISUAL STUDIO 2010\PROJECTS\PARENTAPP\DEBUG\PARENTAPP.ILK
C:\USERS\YASMI_000\DOCUMENTS\VISUAL STUDIO 2010\PROJECTS\PARENTAPP\DEBUG\PARENTAPP.PDB
C:\USERS\YASMI_000\DOCUMENTS\VISUAL STUDIO 2010\PROJECTS\PARENTAPP\PARENTAPP\DEBUG\PARENTAPP.EXE.EMBED.MANIFEST
C:\USERS\YASMI_000\DOCUMENTS\VISUAL STUDIO 2010\PROJECTS\PARENTAPP\PARENTAPP\DEBUG\PARENTAPP.EXE.EMBED.MANIFEST.RES
C:\USERS\YASMI_000\DOCUMENTS\VISUAL STUDIO 2010\PROJECTS\PARENTAPP\PARENTAPP\DEBUG\PARENTAPP.EXE.INTERMEDIATE.MANIFEST
C:\USERS\YASMI_000\DOCUMENTS\VISUAL STUDIO 2010\PROJECTS\PARENTAPP\PARENTAPP\DEBUG\PARENTAPP.OBJ
C:\USERS\YASMI_000\DOCUMENTS\VISUAL STUDIO 2010\PROJECTS\PARENTAPP\PARENTAPP\DEBUG\PARENTAPP.PCH
C:\USERS\YASMI_000\DOCUMENTS\VISUAL STUDIO 2010\PROJECTS\PARENTAPP\PARENTAPP\DEBUG\STDAFX.OBJ
C:\USERS\YASMI_000\DOCUMENTS\VISUAL STUDIO 2010\PROJECTS\PARENTAPP\PARENTAPP\DEBUG\VC100.PDB
