Build started 6/10/2014 12:32:40 PM.
     1>Project "c:\Users\yasmi_000\documents\visual studio 2010\Projects\ParentApp\ParentApp\ParentApp.vcxproj" on node 2 (build target(s)).
     1>InitializeBuildStatus:
         Creating "Debug\ParentApp.unsuccessfulbuild" because "AlwaysCreate" was specified.
       ClCompile:
         All outputs are up-to-date.
         C:\Program Files (x86)\Microsoft Visual Studio 10.0\VC\bin\CL.exe /c /ZI /nologo /W3 /WX- /Od /Oy- /D WIN32 /D _DEBUG /D _CONSOLE /D _UNICODE /D UNICODE /Gm /EHsc /RTC1 /MDd /GS /fp:precise /Zc:wchar_t /Zc:forScope /Yu"StdAfx.h" /Fp"Debug\ParentApp.pch" /Fo"Debug\\" /Fd"Debug\vc100.pdb" /Gd /TP /analyze- /errorReport:prompt ParentApp.cpp
         ParentApp.cpp
       ManifestResourceCompile:
         All outputs are up-to-date.
       Link:
         C:\Program Files (x86)\Microsoft Visual Studio 10.0\VC\bin\link.exe /ERRORREPORT:PROMPT /OUT:"c:\users\yasmi_000\documents\visual studio 2010\Projects\ParentApp\Debug\ParentApp.exe" /INCREMENTAL /NOLOGO kernel32.lib user32.lib gdi32.lib winspool.lib comdlg32.lib advapi32.lib shell32.lib ole32.lib oleaut32.lib uuid.lib odbc32.lib odbccp32.lib /MANIFEST /ManifestFile:"Debug\ParentApp.exe.intermediate.manifest" /MANIFESTUAC:"level='asInvoker' uiAccess='false'" /DEBUG /PDB:"c:\users\yasmi_000\documents\visual studio 2010\Projects\ParentApp\Debug\ParentApp.pdb" /SUBSYSTEM:CONSOLE /TLBID:1 /DYNAMICBASE /NXCOMPAT /IMPLIB:"c:\users\yasmi_000\documents\visual studio 2010\Projects\ParentApp\Debug\ParentApp.lib" /MACHINE:X86 Debug\ParentApp.exe.embed.manifest.res
         Debug\ParentApp.obj
         Debug\stdafx.obj
       Manifest:
         C:\Program Files (x86)\Microsoft SDKs\Windows\v7.0A\bin\mt.exe /nologo /verbose /out:"Debug\ParentApp.exe.embed.manifest" /manifest Debug\ParentApp.exe.intermediate.manifest
         All outputs are up-to-date.
       LinkEmbedManifest:
         All outputs are up-to-date.
         ParentApp.vcxproj -> c:\users\yasmi_000\documents\visual studio 2010\Projects\ParentApp\Debug\ParentApp.exe
       FinalizeBuildStatus:
         Deleting file "Debug\ParentApp.unsuccessfulbuild".
         Touching "Debug\ParentApp.lastbuildstate".
     1>Done Building Project "c:\Users\yasmi_000\documents\visual studio 2010\Projects\ParentApp\ParentApp\ParentApp.vcxproj" (build target(s)).

Build succeeded.

Time Elapsed 00:00:02.32
