Build started 6/25/2014 11:57:48 PM.
     1>Project "C:\Users\yasmi_000\Documents\Visual Studio 2010\Projects\Final Projects\Surgical Planning\PREOPERATIVE stage\hapticVF\hapticVF.vcxproj" on node 2 (build target(s)).
     1>InitializeBuildStatus:
         Creating "Debug\hapticVF.unsuccessfulbuild" because "AlwaysCreate" was specified.
       ClCompile:
         C:\Program Files (x86)\Microsoft Visual Studio 10.0\VC\bin\CL.exe /c /I"C:\chai3d-2.0.0\external\OpenGL\msvc" /I"C:\chai3d-2.0.0\src" /Zi /nologo /W3 /WX- /Od /Oy- /D _WIN32 /D _MSVC /D _UNICODE /D UNICODE /Gm /EHsc /RTC1 /MDd /GS /fp:precise /Zc:wchar_t /Zc:forScope /Fo"Debug\\" /Fd"Debug\vc100.pdb" /Gd /TP /analyze- /errorReport:prompt Main.cpp
         Main.cpp
     1>c:\users\yasmi_000\documents\visual studio 2010\projects\final projects\surgical planning\preoperative stage\hapticvf\Point.h(13): warning C4091: 'typedef ' : ignored on left of 'Point' when no variable is declared
       ManifestResourceCompile:
         All outputs are up-to-date.
       Link:
         C:\Program Files (x86)\Microsoft Visual Studio 10.0\VC\bin\link.exe /ERRORREPORT:PROMPT /OUT:"C:\Users\yasmi_000\Documents\Visual Studio 2010\Projects\Final Projects\Surgical Planning\PREOPERATIVE stage\Debug\hapticVF.exe" /INCREMENTAL /NOLOGO /LIBPATH:"C:\chai3d-2.0.0\external\OpenGL\msvc" /LIBPATH:"C:\chai3d-2.0.0\lib\msvc10" winmm.lib opengl32.lib glut32.lib "chai3d-debug.lib" glu32.lib odbc32.lib odbccp32.lib kernel32.lib user32.lib gdi32.lib winspool.lib comdlg32.lib advapi32.lib shell32.lib ole32.lib oleaut32.lib uuid.lib odbc32.lib odbccp32.lib /MANIFEST /ManifestFile:"Debug\hapticVF.exe.intermediate.manifest" /MANIFESTUAC:"level='asInvoker' uiAccess='false'" /DEBUG /PDB:"C:\Users\yasmi_000\Documents\Visual Studio 2010\Projects\Final Projects\Surgical Planning\PREOPERATIVE stage\Debug\hapticVF.pdb" /SUBSYSTEM:CONSOLE /TLBID:1 /DYNAMICBASE /NXCOMPAT /IMPLIB:"C:\Users\yasmi_000\Documents\Visual Studio 2010\Projects\Final Projects\Surgical Planning\PREOPERATIVE stage\Debug\hapticVF.lib" /MACHINE:X86 Debug\hapticVF.exe.embed.manifest.res
         Debug\CommonValues.obj
         Debug\Main.obj
         Debug\Point.obj
         Debug\stdafx.obj
         LINK : C:\Users\yasmi_000\Documents\Visual Studio 2010\Projects\Final Projects\Surgical Planning\PREOPERATIVE stage\Debug\hapticVF.exe not found or not built by the last incremental link; performing full link
     1>chai3d-debug.lib(CCollisionAABB.obj) : warning LNK4099: PDB 'vc100.pdb' was not found with 'chai3d-debug.lib(CCollisionAABB.obj)' or at 'C:\Users\yasmi_000\Documents\Visual Studio 2010\Projects\Final Projects\Surgical Planning\PREOPERATIVE stage\Debug\vc100.pdb'; linking object as if no debug info
     1>chai3d-debug.lib(CCollisionAABBTree.obj) : warning LNK4099: PDB 'vc100.pdb' was not found with 'chai3d-debug.lib(CCollisionAABBTree.obj)' or at 'C:\Users\yasmi_000\Documents\Visual Studio 2010\Projects\Final Projects\Surgical Planning\PREOPERATIVE stage\Debug\vc100.pdb'; linking object as if no debug info
     1>chai3d-debug.lib(CCollisionBrute.obj) : warning LNK4099: PDB 'vc100.pdb' was not found with 'chai3d-debug.lib(CCollisionBrute.obj)' or at 'C:\Users\yasmi_000\Documents\Visual Studio 2010\Projects\Final Projects\Surgical Planning\PREOPERATIVE stage\Debug\vc100.pdb'; linking object as if no debug info
     1>chai3d-debug.lib(CCollisionSpheres.obj) : warning LNK4099: PDB 'vc100.pdb' was not found with 'chai3d-debug.lib(CCollisionSpheres.obj)' or at 'C:\Users\yasmi_000\Documents\Visual Studio 2010\Projects\Final Projects\Surgical Planning\PREOPERATIVE stage\Debug\vc100.pdb'; linking object as if no debug info
     1>chai3d-debug.lib(CCollisionSpheresGeometry.obj) : warning LNK4099: PDB 'vc100.pdb' was not found with 'chai3d-debug.lib(CCollisionSpheresGeometry.obj)' or at 'C:\Users\yasmi_000\Documents\Visual Studio 2010\Projects\Final Projects\Surgical Planning\PREOPERATIVE stage\Debug\vc100.pdb'; linking object as if no debug info
     1>chai3d-debug.lib(CGenericCollision.obj) : warning LNK4099: PDB 'vc100.pdb' was not found with 'chai3d-debug.lib(CGenericCollision.obj)' or at 'C:\Users\yasmi_000\Documents\Visual Studio 2010\Projects\Final Projects\Surgical Planning\PREOPERATIVE stage\Debug\vc100.pdb'; linking object as if no debug info
     1>chai3d-debug.lib(CDeltaDevices.obj) : warning LNK4099: PDB 'vc100.pdb' was not found with 'chai3d-debug.lib(CDeltaDevices.obj)' or at 'C:\Users\yasmi_000\Documents\Visual Studio 2010\Projects\Final Projects\Surgical Planning\PREOPERATIVE stage\Debug\vc100.pdb'; linking object as if no debug info
     1>chai3d-debug.lib(CFalconDevice.obj) : warning LNK4099: PDB 'vc100.pdb' was not found with 'chai3d-debug.lib(CFalconDevice.obj)' or at 'C:\Users\yasmi_000\Documents\Visual Studio 2010\Projects\Final Projects\Surgical Planning\PREOPERATIVE stage\Debug\vc100.pdb'; linking object as if no debug info
     1>chai3d-debug.lib(CFreedom6SDevice.obj) : warning LNK4099: PDB 'vc100.pdb' was not found with 'chai3d-debug.lib(CFreedom6SDevice.obj)' or at 'C:\Users\yasmi_000\Documents\Visual Studio 2010\Projects\Final Projects\Surgical Planning\PREOPERATIVE stage\Debug\vc100.pdb'; linking object as if no debug info
     1>chai3d-debug.lib(CGenericDevice.obj) : warning LNK4099: PDB 'vc100.pdb' was not found with 'chai3d-debug.lib(CGenericDevice.obj)' or at 'C:\Users\yasmi_000\Documents\Visual Studio 2010\Projects\Final Projects\Surgical Planning\PREOPERATIVE stage\Debug\vc100.pdb'; linking object as if no debug info
     1>chai3d-debug.lib(CGenericHapticDevice.obj) : warning LNK4099: PDB 'vc100.pdb' was not found with 'chai3d-debug.lib(CGenericHapticDevice.obj)' or at 'C:\Users\yasmi_000\Documents\Visual Studio 2010\Projects\Final Projects\Surgical Planning\PREOPERATIVE stage\Debug\vc100.pdb'; linking object as if no debug info
     1>chai3d-debug.lib(CHapticDeviceHandler.obj) : warning LNK4099: PDB 'vc100.pdb' was not found with 'chai3d-debug.lib(CHapticDeviceHandler.obj)' or at 'C:\Users\yasmi_000\Documents\Visual Studio 2010\Projects\Final Projects\Surgical Planning\PREOPERATIVE stage\Debug\vc100.pdb'; linking object as if no debug info
     1>chai3d-debug.lib(CPhantomDevices.obj) : warning LNK4099: PDB 'vc100.pdb' was not found with 'chai3d-debug.lib(CPhantomDevices.obj)' or at 'C:\Users\yasmi_000\Documents\Visual Studio 2010\Projects\Final Projects\Surgical Planning\PREOPERATIVE stage\Debug\vc100.pdb'; linking object as if no debug info
     1>chai3d-debug.lib(CVirtualDevice.obj) : warning LNK4099: PDB 'vc100.pdb' was not found with 'chai3d-debug.lib(CVirtualDevice.obj)' or at 'C:\Users\yasmi_000\Documents\Visual Studio 2010\Projects\Final Projects\Surgical Planning\PREOPERATIVE stage\Debug\vc100.pdb'; linking object as if no debug info
     1>chai3d-debug.lib(CFileLoader3DS.obj) : warning LNK4099: PDB 'vc100.pdb' was not found with 'chai3d-debug.lib(CFileLoader3DS.obj)' or at 'C:\Users\yasmi_000\Documents\Visual Studio 2010\Projects\Final Projects\Surgical Planning\PREOPERATIVE stage\Debug\vc100.pdb'; linking object as if no debug info
     1>chai3d-debug.lib(CFileLoaderBMP.obj) : warning LNK4099: PDB 'vc100.pdb' was not found with 'chai3d-debug.lib(CFileLoaderBMP.obj)' or at 'C:\Users\yasmi_000\Documents\Visual Studio 2010\Projects\Final Projects\Surgical Planning\PREOPERATIVE stage\Debug\vc100.pdb'; linking object as if no debug info
     1>chai3d-debug.lib(CFileLoaderOBJ.obj) : warning LNK4099: PDB 'vc100.pdb' was not found with 'chai3d-debug.lib(CFileLoaderOBJ.obj)' or at 'C:\Users\yasmi_000\Documents\Visual Studio 2010\Projects\Final Projects\Surgical Planning\PREOPERATIVE stage\Debug\vc100.pdb'; linking object as if no debug info
     1>chai3d-debug.lib(CFileLoaderTGA.obj) : warning LNK4099: PDB 'vc100.pdb' was not found with 'chai3d-debug.lib(CFileLoaderTGA.obj)' or at 'C:\Users\yasmi_000\Documents\Visual Studio 2010\Projects\Final Projects\Surgical Planning\PREOPERATIVE stage\Debug\vc100.pdb'; linking object as if no debug info
     1>chai3d-debug.lib(CImageLoader.obj) : warning LNK4099: PDB 'vc100.pdb' was not found with 'chai3d-debug.lib(CImageLoader.obj)' or at 'C:\Users\yasmi_000\Documents\Visual Studio 2010\Projects\Final Projects\Surgical Planning\PREOPERATIVE stage\Debug\vc100.pdb'; linking object as if no debug info
     1>chai3d-debug.lib(CMeshLoader.obj) : warning LNK4099: PDB 'vc100.pdb' was not found with 'chai3d-debug.lib(CMeshLoader.obj)' or at 'C:\Users\yasmi_000\Documents\Visual Studio 2010\Projects\Final Projects\Surgical Planning\PREOPERATIVE stage\Debug\vc100.pdb'; linking object as if no debug info
     1>chai3d-debug.lib(CGenericPointForceAlgo.obj) : warning LNK4099: PDB 'vc100.pdb' was not found with 'chai3d-debug.lib(CGenericPointForceAlgo.obj)' or at 'C:\Users\yasmi_000\Documents\Visual Studio 2010\Projects\Final Projects\Surgical Planning\PREOPERATIVE stage\Debug\vc100.pdb'; linking object as if no debug info
     1>chai3d-debug.lib(CPotentialFieldForceAlgo.obj) : warning LNK4099: PDB 'vc100.pdb' was not found with 'chai3d-debug.lib(CPotentialFieldForceAlgo.obj)' or at 'C:\Users\yasmi_000\Documents\Visual Studio 2010\Projects\Final Projects\Surgical Planning\PREOPERATIVE stage\Debug\vc100.pdb'; linking object as if no debug info
     1>chai3d-debug.lib(CProxyPointForceAlgo.obj) : warning LNK4099: PDB 'vc100.pdb' was not found with 'chai3d-debug.lib(CProxyPointForceAlgo.obj)' or at 'C:\Users\yasmi_000\Documents\Visual Studio 2010\Projects\Final Projects\Surgical Planning\PREOPERATIVE stage\Debug\vc100.pdb'; linking object as if no debug info
     1>chai3d-debug.lib(CDraw3D.obj) : warning LNK4099: PDB 'vc100.pdb' was not found with 'chai3d-debug.lib(CDraw3D.obj)' or at 'C:\Users\yasmi_000\Documents\Visual Studio 2010\Projects\Final Projects\Surgical Planning\PREOPERATIVE stage\Debug\vc100.pdb'; linking object as if no debug info
     1>chai3d-debug.lib(CMacrosGL.obj) : warning LNK4099: PDB 'vc100.pdb' was not found with 'chai3d-debug.lib(CMacrosGL.obj)' or at 'C:\Users\yasmi_000\Documents\Visual Studio 2010\Projects\Final Projects\Surgical Planning\PREOPERATIVE stage\Debug\vc100.pdb'; linking object as if no debug info
     1>chai3d-debug.lib(CMaterial.obj) : warning LNK4099: PDB 'vc100.pdb' was not found with 'chai3d-debug.lib(CMaterial.obj)' or at 'C:\Users\yasmi_000\Documents\Visual Studio 2010\Projects\Final Projects\Surgical Planning\PREOPERATIVE stage\Debug\vc100.pdb'; linking object as if no debug info
     1>chai3d-debug.lib(CTexture2D.obj) : warning LNK4099: PDB 'vc100.pdb' was not found with 'chai3d-debug.lib(CTexture2D.obj)' or at 'C:\Users\yasmi_000\Documents\Visual Studio 2010\Projects\Final Projects\Surgical Planning\PREOPERATIVE stage\Debug\vc100.pdb'; linking object as if no debug info
     1>chai3d-debug.lib(CString.obj) : warning LNK4099: PDB 'vc100.pdb' was not found with 'chai3d-debug.lib(CString.obj)' or at 'C:\Users\yasmi_000\Documents\Visual Studio 2010\Projects\Final Projects\Surgical Planning\PREOPERATIVE stage\Debug\vc100.pdb'; linking object as if no debug info
     1>chai3d-debug.lib(CCamera.obj) : warning LNK4099: PDB 'vc100.pdb' was not found with 'chai3d-debug.lib(CCamera.obj)' or at 'C:\Users\yasmi_000\Documents\Visual Studio 2010\Projects\Final Projects\Surgical Planning\PREOPERATIVE stage\Debug\vc100.pdb'; linking object as if no debug info
     1>chai3d-debug.lib(CGenericObject.obj) : warning LNK4099: PDB 'vc100.pdb' was not found with 'chai3d-debug.lib(CGenericObject.obj)' or at 'C:\Users\yasmi_000\Documents\Visual Studio 2010\Projects\Final Projects\Surgical Planning\PREOPERATIVE stage\Debug\vc100.pdb'; linking object as if no debug info
     1>chai3d-debug.lib(CLight.obj) : warning LNK4099: PDB 'vc100.pdb' was not found with 'chai3d-debug.lib(CLight.obj)' or at 'C:\Users\yasmi_000\Documents\Visual Studio 2010\Projects\Final Projects\Surgical Planning\PREOPERATIVE stage\Debug\vc100.pdb'; linking object as if no debug info
     1>chai3d-debug.lib(CMesh.obj) : warning LNK4099: PDB 'vc100.pdb' was not found with 'chai3d-debug.lib(CMesh.obj)' or at 'C:\Users\yasmi_000\Documents\Visual Studio 2010\Projects\Final Projects\Surgical Planning\PREOPERATIVE stage\Debug\vc100.pdb'; linking object as if no debug info
     1>chai3d-debug.lib(CShapeSphere.obj) : warning LNK4099: PDB 'vc100.pdb' was not found with 'chai3d-debug.lib(CShapeSphere.obj)' or at 'C:\Users\yasmi_000\Documents\Visual Studio 2010\Projects\Final Projects\Surgical Planning\PREOPERATIVE stage\Debug\vc100.pdb'; linking object as if no debug info
     1>chai3d-debug.lib(CWorld.obj) : warning LNK4099: PDB 'vc100.pdb' was not found with 'chai3d-debug.lib(CWorld.obj)' or at 'C:\Users\yasmi_000\Documents\Visual Studio 2010\Projects\Final Projects\Surgical Planning\PREOPERATIVE stage\Debug\vc100.pdb'; linking object as if no debug info
     1>chai3d-debug.lib(CPrecisionClock.obj) : warning LNK4099: PDB 'vc100.pdb' was not found with 'chai3d-debug.lib(CPrecisionClock.obj)' or at 'C:\Users\yasmi_000\Documents\Visual Studio 2010\Projects\Final Projects\Surgical Planning\PREOPERATIVE stage\Debug\vc100.pdb'; linking object as if no debug info
     1>chai3d-debug.lib(CThread.obj) : warning LNK4099: PDB 'vc100.pdb' was not found with 'chai3d-debug.lib(CThread.obj)' or at 'C:\Users\yasmi_000\Documents\Visual Studio 2010\Projects\Final Projects\Surgical Planning\PREOPERATIVE stage\Debug\vc100.pdb'; linking object as if no debug info
     1>chai3d-debug.lib(CGeneric3dofPointer.obj) : warning LNK4099: PDB 'vc100.pdb' was not found with 'chai3d-debug.lib(CGeneric3dofPointer.obj)' or at 'C:\Users\yasmi_000\Documents\Visual Studio 2010\Projects\Final Projects\Surgical Planning\PREOPERATIVE stage\Debug\vc100.pdb'; linking object as if no debug info
     1>chai3d-debug.lib(CGenericTool.obj) : warning LNK4099: PDB 'vc100.pdb' was not found with 'chai3d-debug.lib(CGenericTool.obj)' or at 'C:\Users\yasmi_000\Documents\Visual Studio 2010\Projects\Final Projects\Surgical Planning\PREOPERATIVE stage\Debug\vc100.pdb'; linking object as if no debug info
     1>chai3d-debug.lib(CExtras.obj) : warning LNK4099: PDB 'vc100.pdb' was not found with 'chai3d-debug.lib(CExtras.obj)' or at 'C:\Users\yasmi_000\Documents\Visual Studio 2010\Projects\Final Projects\Surgical Planning\PREOPERATIVE stage\Debug\vc100.pdb'; linking object as if no debug info
       Manifest:
         C:\Program Files (x86)\Microsoft SDKs\Windows\v7.0A\bin\mt.exe /nologo /verbose /out:"Debug\hapticVF.exe.embed.manifest" /manifest Debug\hapticVF.exe.intermediate.manifest
         All outputs are up-to-date.
       LinkEmbedManifest:
         All outputs are up-to-date.
         hapticVF.vcxproj -> C:\Users\yasmi_000\Documents\Visual Studio 2010\Projects\Final Projects\Surgical Planning\PREOPERATIVE stage\Debug\hapticVF.exe
       FinalizeBuildStatus:
         Deleting file "Debug\hapticVF.unsuccessfulbuild".
         Touching "Debug\hapticVF.lastbuildstate".
     1>Done Building Project "C:\Users\yasmi_000\Documents\Visual Studio 2010\Projects\Final Projects\Surgical Planning\PREOPERATIVE stage\hapticVF\hapticVF.vcxproj" (build target(s)).

Build succeeded.

Time Elapsed 00:00:06.82
