C:\USERS\YASMI_000\DOCUMENTS\VISUAL STUDIO 2010\PROJECTS\20140610 - HAPTICVF [PREOPERATIVE STAGE]\DEBUG\HAPTICVF.EXE
C:\USERS\YASMI_000\DOCUMENTS\VISUAL STUDIO 2010\PROJECTS\20140610 - HAPTICVF [PREOPERATIVE STAGE]\DEBUG\HAPTICVF.ILK
C:\USERS\YASMI_000\DOCUMENTS\VISUAL STUDIO 2010\PROJECTS\20140610 - HAPTICVF [PREOPERATIVE STAGE]\DEBUG\HAPTICVF.PDB
C:\Users\yasmi_000\Documents\Visual Studio 2010\Projects\20140610 - hapticVF [PREOPERATIVE stage]\hapticVF\Debug\cl.command.1.tlog
C:\Users\yasmi_000\Documents\Visual Studio 2010\Projects\20140610 - hapticVF [PREOPERATIVE stage]\hapticVF\Debug\CL.read.1.tlog
C:\Users\yasmi_000\Documents\Visual Studio 2010\Projects\20140610 - hapticVF [PREOPERATIVE stage]\hapticVF\Debug\CL.write.1.tlog
C:\USERS\YASMI_000\DOCUMENTS\VISUAL STUDIO 2010\PROJECTS\20140610 - HAPTICVF [PREOPERATIVE STAGE]\HAPTICVF\DEBUG\COMMONVALUES.OBJ
C:\USERS\YASMI_000\DOCUMENTS\VISUAL STUDIO 2010\PROJECTS\20140610 - HAPTICVF [PREOPERATIVE STAGE]\HAPTICVF\DEBUG\HAPTICVF.EXE.EMBED.MANIFEST
C:\USERS\YASMI_000\DOCUMENTS\VISUAL STUDIO 2010\PROJECTS\20140610 - HAPTICVF [PREOPERATIVE STAGE]\HAPTICVF\DEBUG\HAPTICVF.EXE.EMBED.MANIFEST.RES
C:\USERS\YASMI_000\DOCUMENTS\VISUAL STUDIO 2010\PROJECTS\20140610 - HAPTICVF [PREOPERATIVE STAGE]\HAPTICVF\DEBUG\HAPTICVF.EXE.INTERMEDIATE.MANIFEST
C:\Users\yasmi_000\Documents\Visual Studio 2010\Projects\20140610 - hapticVF [PREOPERATIVE stage]\hapticVF\Debug\hapticVF.vcxprojResolveAssemblyReference.cache
C:\Users\yasmi_000\Documents\Visual Studio 2010\Projects\20140610 - hapticVF [PREOPERATIVE stage]\hapticVF\Debug\hapticVF.write.1.tlog
C:\Users\yasmi_000\Documents\Visual Studio 2010\Projects\20140610 - hapticVF [PREOPERATIVE stage]\hapticVF\Debug\hapticVF_manifest.rc
C:\Users\yasmi_000\Documents\Visual Studio 2010\Projects\20140610 - hapticVF [PREOPERATIVE stage]\hapticVF\Debug\link.5380.read.1.tlog
C:\Users\yasmi_000\Documents\Visual Studio 2010\Projects\20140610 - hapticVF [PREOPERATIVE stage]\hapticVF\Debug\link.5380.read.3.tlog
C:\Users\yasmi_000\Documents\Visual Studio 2010\Projects\20140610 - hapticVF [PREOPERATIVE stage]\hapticVF\Debug\link.5380.write.1.tlog
C:\Users\yasmi_000\Documents\Visual Studio 2010\Projects\20140610 - hapticVF [PREOPERATIVE stage]\hapticVF\Debug\link.5380-cvtres.read.1.tlog
C:\Users\yasmi_000\Documents\Visual Studio 2010\Projects\20140610 - hapticVF [PREOPERATIVE stage]\hapticVF\Debug\link.5380-cvtres.write.1.tlog
C:\Users\yasmi_000\Documents\Visual Studio 2010\Projects\20140610 - hapticVF [PREOPERATIVE stage]\hapticVF\Debug\link.6424.read.1.tlog
C:\Users\yasmi_000\Documents\Visual Studio 2010\Projects\20140610 - hapticVF [PREOPERATIVE stage]\hapticVF\Debug\link.6424.read.3.tlog
C:\Users\yasmi_000\Documents\Visual Studio 2010\Projects\20140610 - hapticVF [PREOPERATIVE stage]\hapticVF\Debug\link.6424.write.1.tlog
C:\Users\yasmi_000\Documents\Visual Studio 2010\Projects\20140610 - hapticVF [PREOPERATIVE stage]\hapticVF\Debug\link.6424-cvtres.read.1.tlog
C:\Users\yasmi_000\Documents\Visual Studio 2010\Projects\20140610 - hapticVF [PREOPERATIVE stage]\hapticVF\Debug\link.6424-cvtres.write.1.tlog
C:\Users\yasmi_000\Documents\Visual Studio 2010\Projects\20140610 - hapticVF [PREOPERATIVE stage]\hapticVF\Debug\link.command.1.tlog
C:\Users\yasmi_000\Documents\Visual Studio 2010\Projects\20140610 - hapticVF [PREOPERATIVE stage]\hapticVF\Debug\link.read.1.tlog
C:\Users\yasmi_000\Documents\Visual Studio 2010\Projects\20140610 - hapticVF [PREOPERATIVE stage]\hapticVF\Debug\link.read.3.tlog
C:\Users\yasmi_000\Documents\Visual Studio 2010\Projects\20140610 - hapticVF [PREOPERATIVE stage]\hapticVF\Debug\link.write.1.tlog
C:\Users\yasmi_000\Documents\Visual Studio 2010\Projects\20140610 - hapticVF [PREOPERATIVE stage]\hapticVF\Debug\link-cvtres.read.1.tlog
C:\Users\yasmi_000\Documents\Visual Studio 2010\Projects\20140610 - hapticVF [PREOPERATIVE stage]\hapticVF\Debug\link-cvtres.write.1.tlog
C:\USERS\YASMI_000\DOCUMENTS\VISUAL STUDIO 2010\PROJECTS\20140610 - HAPTICVF [PREOPERATIVE STAGE]\HAPTICVF\DEBUG\MAIN.OBJ
C:\Users\yasmi_000\Documents\Visual Studio 2010\Projects\20140610 - hapticVF [PREOPERATIVE stage]\hapticVF\Debug\mt.command.1.tlog
C:\Users\yasmi_000\Documents\Visual Studio 2010\Projects\20140610 - hapticVF [PREOPERATIVE stage]\hapticVF\Debug\mt.read.1.tlog
C:\Users\yasmi_000\Documents\Visual Studio 2010\Projects\20140610 - hapticVF [PREOPERATIVE stage]\hapticVF\Debug\mt.write.1.tlog
C:\USERS\YASMI_000\DOCUMENTS\VISUAL STUDIO 2010\PROJECTS\20140610 - HAPTICVF [PREOPERATIVE STAGE]\HAPTICVF\DEBUG\POINT.OBJ
C:\Users\yasmi_000\Documents\Visual Studio 2010\Projects\20140610 - hapticVF [PREOPERATIVE stage]\hapticVF\Debug\rc.command.1.tlog
C:\Users\yasmi_000\Documents\Visual Studio 2010\Projects\20140610 - hapticVF [PREOPERATIVE stage]\hapticVF\Debug\rc.read.1.tlog
C:\Users\yasmi_000\Documents\Visual Studio 2010\Projects\20140610 - hapticVF [PREOPERATIVE stage]\hapticVF\Debug\rc.write.1.tlog
C:\USERS\YASMI_000\DOCUMENTS\VISUAL STUDIO 2010\PROJECTS\20140610 - HAPTICVF [PREOPERATIVE STAGE]\HAPTICVF\DEBUG\STDAFX.OBJ
C:\Users\yasmi_000\Documents\Visual Studio 2010\Projects\20140610 - hapticVF [PREOPERATIVE stage]\hapticVF\Debug\vc100.idb
C:\USERS\YASMI_000\DOCUMENTS\VISUAL STUDIO 2010\PROJECTS\20140610 - HAPTICVF [PREOPERATIVE STAGE]\HAPTICVF\DEBUG\VC100.PDB
